<?xml version="1.0" encoding="UTF-8"?>
<!-- Generated by org.testng.reporters.JUnitReportReporter -->
<testsuite skipped="0" hostname="DESKTOP-OHEAHH8" name="com.mdu.TestPages.ContactPageTest" tests="18" failures="0" timestamp="29 Jul 2018 13:00:15 GMT" time="897.239" errors="0">
  <testcase name="tableData2Test" time="57.364" classname="com.mdu.TestPages.ContactPageTest"/>
  <testcase name="byRoadInfoTest" time="49.726" classname="com.mdu.TestPages.ContactPageTest"/>
  <testcase name="feedbackTest" time="50.827" classname="com.mdu.TestPages.ContactPageTest"/>
  <testcase name="contactTextTest" time="49.187" classname="com.mdu.TestPages.ContactPageTest"/>
  <testcase name="byTrainInfoTest" time="48.553" classname="com.mdu.TestPages.ContactPageTest"/>
  <testcase name="byAirInfo2Test" time="45.637" classname="com.mdu.TestPages.ContactPageTest"/>
  <testcase name="uniAboutTest" time="49.264" classname="com.mdu.TestPages.ContactPageTest"/>
  <testcase name="byTrainTest" time="51.125" classname="com.mdu.TestPages.ContactPageTest"/>
  <testcase name="leftImgTest" time="49.521" classname="com.mdu.TestPages.ContactPageTest"/>
  <testcase name="howToReachTest" time="48.613" classname="com.mdu.TestPages.ContactPageTest"/>
  <testcase name="byAirInfoTest" time="50.937" classname="com.mdu.TestPages.ContactPageTest"/>
  <testcase name="expressTrainTest" time="49.031" classname="com.mdu.TestPages.ContactPageTest"/>
  <testcase name="byAirTest" time="50.325" classname="com.mdu.TestPages.ContactPageTest"/>
  <testcase name="navTextTest" time="45.428" classname="com.mdu.TestPages.ContactPageTest"/>
  <testcase name="tableData1Test" time="55.804" classname="com.mdu.TestPages.ContactPageTest"/>
  <testcase name="mapTest" time="49.352" classname="com.mdu.TestPages.ContactPageTest"/>
  <testcase name="byRoadTest" time="48.009" classname="com.mdu.TestPages.ContactPageTest"/>
  <testcase name="imgTest" time="48.536" classname="com.mdu.TestPages.ContactPageTest"/>
</testsuite> <!-- com.mdu.TestPages.ContactPageTest -->
