<?xml version="1.0" encoding="UTF-8"?>
<!-- Generated by org.testng.reporters.JUnitReportReporter -->
<testsuite skipped="0" hostname="DESKTOP-OHEAHH8" name="com.mdu.TestPages.RohtakPageTest" tests="4" failures="0" timestamp="24 Jul 2018 06:58:53 GMT" time="260.653" errors="0">
  <testcase name="homNavTest" time="52.520" classname="com.mdu.TestPages.RohtakPageTest"/>
  <testcase name="imgTest" time="48.893" classname="com.mdu.TestPages.RohtakPageTest"/>
  <testcase name="rohtakHeadTest" time="76.622" classname="com.mdu.TestPages.RohtakPageTest"/>
  <testcase name="paraTest" time="82.618" classname="com.mdu.TestPages.RohtakPageTest"/>
</testsuite> <!-- com.mdu.TestPages.RohtakPageTest -->
