<?xml version="1.0" encoding="UTF-8"?>
<!-- Generated by org.testng.reporters.JUnitReportReporter -->
<testsuite skipped="0" hostname="DESKTOP-OHEAHH8" name="com.mdu.TestPages.HomePageTest" tests="1" failures="0" timestamp="31 Jul 2018 06:25:42 GMT" time="42.740" errors="0">
  <testcase name="test_ArchiveLink" time="42.740" classname="com.mdu.TestPages.HomePageTest"/>
</testsuite> <!-- com.mdu.TestPages.HomePageTest -->
