<?xml version="1.0" encoding="UTF-8"?>
<!-- Generated by org.testng.reporters.JUnitReportReporter -->
<testsuite skipped="0" hostname="DESKTOP-OHEAHH8" name="com.mdu.TestPages.RTIPageTest" tests="9" failures="0" timestamp="26 Jul 2018 13:46:28 GMT" time="439.960" errors="0">
  <testcase name="rtiHeadTest" time="37.136" classname="com.mdu.TestPages.RTIPageTest"/>
  <testcase name="imgTest" time="41.195" classname="com.mdu.TestPages.RTIPageTest"/>
  <testcase name="mduInfoTest" time="35.898" classname="com.mdu.TestPages.RTIPageTest"/>
  <testcase name="tableData2Test" time="79.189" classname="com.mdu.TestPages.RTIPageTest"/>
  <testcase name="footerTest" time="36.476" classname="com.mdu.TestPages.RTIPageTest"/>
  <testcase name="rtiNavTextTest" time="40.867" classname="com.mdu.TestPages.RTIPageTest"/>
  <testcase name="tableData3_1Test" time="53.814" classname="com.mdu.TestPages.RTIPageTest"/>
  <testcase name="tableData1Test" time="44.308" classname="com.mdu.TestPages.RTIPageTest"/>
  <testcase name="tableData3Test" time="71.077" classname="com.mdu.TestPages.RTIPageTest"/>
</testsuite> <!-- com.mdu.TestPages.RTIPageTest -->
