<?xml version="1.0" encoding="UTF-8"?>
<!-- Generated by org.testng.reporters.JUnitReportReporter -->
<testsuite skipped="0" hostname="DESKTOP-OHEAHH8" name="com.mdu.TestPages.ArchivesPageTest" tests="6" failures="0" timestamp="04 Aug 2018 14:09:23 GMT" time="523.549" errors="0">
  <testcase name="instuctNavTest" time="99.012" classname="com.mdu.TestPages.ArchivesPageTest"/>
  <testcase name="prosHeadTest" time="102.831" classname="com.mdu.TestPages.ArchivesPageTest"/>
  <testcase name="instructHeadTest" time="87.826" classname="com.mdu.TestPages.ArchivesPageTest"/>
  <testcase name="navTextTest" time="75.355" classname="com.mdu.TestPages.ArchivesPageTest"/>
  <testcase name="archTextTest" time="69.266" classname="com.mdu.TestPages.ArchivesPageTest"/>
  <testcase name="prosNavTextTest" time="89.259" classname="com.mdu.TestPages.ArchivesPageTest"/>
</testsuite> <!-- com.mdu.TestPages.ArchivesPageTest -->
