<?xml version="1.0" encoding="UTF-8"?>
<!-- Generated by org.testng.reporters.JUnitReportReporter -->
<testsuite skipped="0" hostname="DESKTOP-OHEAHH8" name="com.mdu.TestPages.EmailpageTest" tests="1" failures="0" timestamp="31 Jul 2018 06:17:30 GMT" time="34.100" errors="0">
  <testcase name="mduNavTest" time="34.100" classname="com.mdu.TestPages.EmailpageTest"/>
</testsuite> <!-- com.mdu.TestPages.EmailpageTest -->
