<?xml version="1.0" encoding="UTF-8"?>
<!-- Generated by org.testng.reporters.JUnitReportReporter -->
<testsuite skipped="0" hostname="DESKTOP-OHEAHH8" name="com.mdu.TestPages.LResourcesPageTest" tests="1" failures="0" timestamp="04 Aug 2018 14:27:49 GMT" time="51.151" errors="0">
  <testcase name="headTest" time="51.151" classname="com.mdu.TestPages.LResourcesPageTest"/>
</testsuite> <!-- com.mdu.TestPages.LResourcesPageTest -->
