<?xml version="1.0" encoding="UTF-8"?>
<!-- Generated by org.testng.reporters.JUnitReportReporter -->
<testsuite skipped="0" hostname="DESKTOP-OHEAHH8" name="com.mdu.TestPages.MahaDayaPageTest" tests="5" failures="0" timestamp="21 Jul 2018 08:51:57 GMT" time="236.373" errors="0">
  <testcase name="uniNavTEst" time="45.973" classname="com.mdu.TestPages.MahaDayaPageTest"/>
  <testcase name="yearTest" time="49.172" classname="com.mdu.TestPages.MahaDayaPageTest"/>
  <testcase name="imgTest" time="45.296" classname="com.mdu.TestPages.MahaDayaPageTest"/>
  <testcase name="homeLinkTest" time="46.921" classname="com.mdu.TestPages.MahaDayaPageTest"/>
  <testcase name="mdHeadingTest" time="49.011" classname="com.mdu.TestPages.MahaDayaPageTest"/>
</testsuite> <!-- com.mdu.TestPages.MahaDayaPageTest -->
