<?xml version="1.0" encoding="UTF-8"?>
<!-- Generated by org.testng.reporters.JUnitReportReporter -->
<testsuite skipped="0" hostname="DESKTOP-OHEAHH8" name="com.mdu.TestPages.HaryanaPageTest" tests="4" failures="0" timestamp="24 Jul 2018 09:41:55 GMT" time="181.924" errors="0">
  <testcase name="imgTest" time="43.649" classname="com.mdu.TestPages.HaryanaPageTest"/>
  <testcase name="navTextTest" time="44.778" classname="com.mdu.TestPages.HaryanaPageTest"/>
  <testcase name="paraTest" time="45.364" classname="com.mdu.TestPages.HaryanaPageTest"/>
  <testcase name="tableTest" time="48.133" classname="com.mdu.TestPages.HaryanaPageTest"/>
</testsuite> <!-- com.mdu.TestPages.HaryanaPageTest -->
