<?xml version="1.0" encoding="UTF-8"?>
<!-- Generated by org.testng.reporters.JUnitReportReporter -->
<testsuite skipped="0" hostname="DESKTOP-OHEAHH8" name="com.mdu.TestPages.VisionPageTest" tests="4" failures="0" timestamp="24 Jul 2018 10:29:27 GMT" time="198.282" errors="0">
  <testcase name="visionDivTest" time="51.223" classname="com.mdu.TestPages.VisionPageTest"/>
  <testcase name="navTextTest" time="48.186" classname="com.mdu.TestPages.VisionPageTest"/>
  <testcase name="paraTest" time="46.984" classname="com.mdu.TestPages.VisionPageTest"/>
  <testcase name="visionHeadTest" time="51.889" classname="com.mdu.TestPages.VisionPageTest"/>
</testsuite> <!-- com.mdu.TestPages.VisionPageTest -->
