<?xml version="1.0" encoding="UTF-8"?>
<!-- Generated by org.testng.reporters.JUnitReportReporter -->
<testsuite skipped="0" hostname="DESKTOP-OHEAHH8" name="com.mdu.TestPages.CollegePortalPageTest" tests="1" failures="0" timestamp="04 Aug 2018 14:17:08 GMT" time="71.464" errors="0">
  <testcase name="titleTest" time="71.464" classname="com.mdu.TestPages.CollegePortalPageTest"/>
</testsuite> <!-- com.mdu.TestPages.CollegePortalPageTest -->
